2022-01-18 16:44:57 [PicGo INFO] Before transform 
2022-01-18 16:44:57 [PicGo INFO] Transforming... Current transformer is [path] 
2022-01-18 16:44:57 [PicGo INFO] Before upload 
2022-01-18 16:44:57 [PicGo INFO] Uploading... Current uploader is [smms] 
2022-01-18 16:45:03 [PicGo SUCCESS] 
https://s2.loli.net/2022/01/18/IfPAgCtkSZQOlFK.jpg 
2022-01-18 16:48:07 [PicGo INFO] Before transform 
2022-01-18 16:48:07 [PicGo INFO] beforeTransformPlugins: compress running 
2022-01-18 16:48:07 [PicGo INFO] Transforming... Current transformer is [path] 
2022-01-18 16:48:07 [PicGo INFO] Before upload 
2022-01-18 16:48:07 [PicGo INFO] Uploading... Current uploader is [smms] 
2022-01-18 16:48:10 [PicGo SUCCESS] 
https://s2.loli.net/2022/01/18/IfPAgCtkSZQOlFK.jpg 
2022-01-18 16:54:44 [PicGo INFO] Before transform 
2022-01-18 16:54:44 [PicGo INFO] Transforming... Current transformer is [path] 
2022-01-18 16:54:44 [PicGo INFO] Before upload 
2022-01-18 16:54:44 [PicGo INFO] beforeUploadPlugins: compress running 
2022-01-18 16:54:44 [PicGo INFO] beforeUploadPlugins: rename-file running 
2022-01-18 16:54:44 [PicGo INFO] Uploading... Current uploader is [smms] 
2022-01-18 16:54:47 [PicGo INFO] afterUploadPlugins: auto-delete running 
2022-01-18 16:54:47 [PicGo SUCCESS] 
https://s2.loli.net/2022/01/18/IfPAgCtkSZQOlFK.jpg 
2022-01-18 16:57:19 [PicGo INFO] Before transform 
2022-01-18 16:57:19 [PicGo INFO] Transforming... Current transformer is [path] 
2022-01-18 16:57:19 [PicGo INFO] Before upload 
2022-01-18 16:57:19 [PicGo INFO] beforeUploadPlugins: compress running 
2022-01-18 16:57:19 [PicGo INFO] beforeUploadPlugins: super-prefix running 
2022-01-18 16:57:19 [PicGo INFO] Uploading... Current uploader is [smms] 
2022-01-18 16:57:21 [PicGo INFO] afterUploadPlugins: auto-delete running 
2022-01-18 16:57:21 [PicGo SUCCESS] 
https://s2.loli.net/2022/01/18/IfPAgCtkSZQOlFK.jpg 
2022-01-18 17:13:04 [PicGo INFO] Before transform 
2022-01-18 17:13:04 [PicGo INFO] Transforming... Current transformer is [path] 
2022-01-18 17:13:04 [PicGo INFO] Before upload 
2022-01-18 17:13:04 [PicGo INFO] beforeUploadPlugins: compress running 
2022-01-18 17:13:04 [PicGo INFO] beforeUploadPlugins: super-prefix running 
2022-01-18 17:13:04 [PicGo INFO] Uploading... Current uploader is [smms] 
2022-01-18 17:13:07 [PicGo INFO] afterUploadPlugins: auto-delete running 
2022-01-18 17:13:07 [PicGo SUCCESS] 
https://s2.loli.net/2022/01/18/IfPAgCtkSZQOlFK.jpg 
2022-01-18 17:15:41 [PicGo INFO] Before transform 
2022-01-18 17:15:41 [PicGo INFO] Transforming... Current transformer is [path] 
2022-01-18 17:15:41 [PicGo INFO] Before upload 
2022-01-18 17:15:41 [PicGo INFO] beforeUploadPlugins: compress running 
2022-01-18 17:15:41 [PicGo INFO] beforeUploadPlugins: super-prefix running 
2022-01-18 17:15:41 [PicGo INFO] Uploading... Current uploader is [smms] 
2022-01-18 17:15:44 [PicGo INFO] afterUploadPlugins: auto-delete running 
2022-01-18 17:15:44 [PicGo SUCCESS] 
https://s2.loli.net/2022/01/18/IfPAgCtkSZQOlFK.jpg 
2022-01-18 17:19:12 [PicGo INFO] Before transform 
2022-01-18 17:19:12 [PicGo INFO] Transforming... Current transformer is [path] 
2022-01-18 17:19:12 [PicGo INFO] Before upload 
2022-01-18 17:19:12 [PicGo INFO] beforeUploadPlugins: compress running 
2022-01-18 17:19:12 [PicGo INFO] beforeUploadPlugins: super-prefix running 
2022-01-18 17:19:12 [PicGo INFO] Uploading... Current uploader is [smms] 
2022-01-18 17:19:15 [PicGo SUCCESS] 
https://s2.loli.net/2022/01/18/IfPAgCtkSZQOlFK.jpg 
2022-01-18 17:22:13 [PicGo INFO] Before transform 
2022-01-18 17:22:13 [PicGo INFO] Transforming... Current transformer is [path] 
2022-01-18 17:22:13 [PicGo INFO] Before upload 
2022-01-18 17:22:13 [PicGo INFO] beforeUploadPlugins: compress running 
2022-01-18 17:22:13 [PicGo INFO] beforeUploadPlugins: super-prefix running 
2022-01-18 17:22:13 [PicGo INFO] Uploading... Current uploader is [smms] 
2022-01-18 17:22:16 [PicGo SUCCESS] 
https://s2.loli.net/2022/01/18/IfPAgCtkSZQOlFK.jpg 
2022-01-18 17:23:12 [PicGo INFO] Before transform 
2022-01-18 17:23:12 [PicGo INFO] Transforming... Current transformer is [path] 
2022-01-18 17:23:12 [PicGo INFO] Before upload 
2022-01-18 17:23:12 [PicGo INFO] beforeUploadPlugins: compress running 
2022-01-18 17:23:12 [PicGo INFO] beforeUploadPlugins: super-prefix running 
2022-01-18 17:23:12 [PicGo INFO] Uploading... Current uploader is [smms] 
2022-01-18 17:23:14 [PicGo SUCCESS] 
https://s2.loli.net/2022/01/18/IfPAgCtkSZQOlFK.jpg 
2022-01-18 17:23:31 [PicGo INFO] Before transform 
2022-01-18 17:23:31 [PicGo INFO] Transforming... Current transformer is [path] 
2022-01-18 17:23:31 [PicGo INFO] Before upload 
2022-01-18 17:23:31 [PicGo INFO] beforeUploadPlugins: compress running 
2022-01-18 17:23:31 [PicGo INFO] beforeUploadPlugins: super-prefix running 
2022-01-18 17:23:31 [PicGo INFO] Uploading... Current uploader is [smms] 
2022-01-18 17:23:34 [PicGo SUCCESS] 
https://s2.loli.net/2022/01/18/IfPAgCtkSZQOlFK.jpg 
2022-01-18 17:24:11 [PicGo INFO] Before transform 
2022-01-18 17:24:11 [PicGo INFO] Transforming... Current transformer is [path] 
2022-01-18 17:24:11 [PicGo INFO] Before upload 
2022-01-18 17:24:11 [PicGo INFO] beforeUploadPlugins: compress running 
2022-01-18 17:24:11 [PicGo INFO] beforeUploadPlugins: super-prefix running 
2022-01-18 17:24:11 [PicGo INFO] Uploading... Current uploader is [smms] 
2022-01-18 17:24:15 [PicGo SUCCESS] 
https://s2.loli.net/2022/01/18/IfPAgCtkSZQOlFK.jpg 
2022-01-18 17:30:38 [PicGo INFO] Before transform 
2022-01-18 17:30:38 [PicGo INFO] Transforming... Current transformer is [path] 
2022-01-18 17:30:38 [PicGo INFO] Before upload 
2022-01-18 17:30:38 [PicGo INFO] beforeUploadPlugins: compress running 
2022-01-18 17:30:38 [PicGo INFO] beforeUploadPlugins: super-prefix running 
2022-01-18 17:30:38 [PicGo INFO] Uploading... Current uploader is [smms] 
2022-01-18 17:30:40 [PicGo SUCCESS] 
https://s2.loli.net/2022/01/18/IfPAgCtkSZQOlFK.jpg 
2022-01-18 17:32:20 [PicGo INFO] Before transform 
2022-01-18 17:32:20 [PicGo INFO] Transforming... Current transformer is [path] 
2022-01-18 17:32:20 [PicGo INFO] Before upload 
2022-01-18 17:32:20 [PicGo INFO] beforeUploadPlugins: compress running 
2022-01-18 17:32:20 [PicGo INFO] beforeUploadPlugins: super-prefix running 
2022-01-18 17:32:20 [PicGo INFO] Uploading... Current uploader is [smms] 
2022-01-18 17:32:23 [PicGo SUCCESS] 
https://s2.loli.net/2022/01/18/IfPAgCtkSZQOlFK.jpg 
2022-01-18 17:34:10 [PicGo INFO] Before transform 
2022-01-18 17:34:10 [PicGo INFO] Transforming... Current transformer is [path] 
2022-01-18 17:34:10 [PicGo INFO] Before upload 
2022-01-18 17:34:10 [PicGo INFO] beforeUploadPlugins: compress running 
2022-01-18 17:34:10 [PicGo INFO] beforeUploadPlugins: super-prefix running 
2022-01-18 17:34:10 [PicGo INFO] Uploading... Current uploader is [smms] 
2022-01-18 17:34:13 [PicGo SUCCESS] 
https://s2.loli.net/2022/01/18/IfPAgCtkSZQOlFK.jpg 
2022-01-18 17:34:51 [PicGo INFO] Before transform 
2022-01-18 17:34:51 [PicGo INFO] Transforming... Current transformer is [path] 
2022-01-18 17:34:51 [PicGo INFO] Before upload 
2022-01-18 17:34:51 [PicGo INFO] beforeUploadPlugins: compress running 
2022-01-18 17:34:51 [PicGo INFO] beforeUploadPlugins: super-prefix running 
2022-01-18 17:34:51 [PicGo INFO] Uploading... Current uploader is [smms] 
2022-01-18 17:34:54 [PicGo SUCCESS] 
https://s2.loli.net/2022/01/18/IfPAgCtkSZQOlFK.jpg 
2022-01-18 17:38:26 [PicGo INFO] Before transform 
2022-01-18 17:38:26 [PicGo INFO] Transforming... Current transformer is [path] 
2022-01-18 17:38:26 [PicGo INFO] Before upload 
2022-01-18 17:38:26 [PicGo INFO] beforeUploadPlugins: compress running 
2022-01-18 17:38:26 [PicGo INFO] beforeUploadPlugins: super-prefix running 
2022-01-18 17:38:26 [PicGo INFO] Uploading... Current uploader is [smms] 
2022-01-18 17:38:29 [PicGo SUCCESS] 
https://s2.loli.net/2022/01/18/IfPAgCtkSZQOlFK.jpg 
2022-01-18 17:40:15 [PicGo INFO] Before transform 
2022-01-18 17:40:15 [PicGo INFO] Transforming... Current transformer is [path] 
2022-01-18 17:40:15 [PicGo INFO] Before upload 
2022-01-18 17:40:15 [PicGo INFO] beforeUploadPlugins: compress running 
2022-01-18 17:40:15 [PicGo INFO] beforeUploadPlugins: super-prefix running 
2022-01-18 17:40:15 [PicGo INFO] Uploading... Current uploader is [smms] 
2022-01-18 17:40:17 [PicGo SUCCESS] 
https://s2.loli.net/2022/01/18/IfPAgCtkSZQOlFK.jpg 
2022-01-18 17:45:33 [PicGo INFO] Before transform 
2022-01-18 17:45:33 [PicGo INFO] Transforming... Current transformer is [path] 
2022-01-18 17:45:33 [PicGo INFO] Before upload 
2022-01-18 17:45:33 [PicGo INFO] beforeUploadPlugins: compress running 
2022-01-18 17:45:33 [PicGo INFO] beforeUploadPlugins: super-prefix running 
2022-01-18 17:45:33 [PicGo INFO] Uploading... Current uploader is [smms] 
2022-01-18 17:45:38 [PicGo SUCCESS] 
https://s2.loli.net/2022/01/18/vO1GieMk7s4EJfB.jpg 
2022-01-18 17:46:49 [PicGo ERROR] 
------Error Stack Begin------
Error: Cannot find module 'node_modules/picgo-plugin-compress'
Require stack:
- /Users/jyyyeung/Projects/FullStack/hksanda-website/node_modules/picgo/dist/index.cjs.js
    at Function.Module._resolveFilename (node:internal/modules/cjs/loader:933:15)
    at Function.Module._load (node:internal/modules/cjs/loader:778:27)
    at Module.require (node:internal/modules/cjs/loader:1005:19)
    at require (node:internal/modules/cjs/helpers:102:18)
    at it.getPlugin (/Users/jyyyeung/Projects/FullStack/hksanda-website/node_modules/picgo/dist/index.cjs.js:1:31037)
    at it.registerPlugin (/Users/jyyyeung/Projects/FullStack/hksanda-website/node_modules/picgo/dist/index.cjs.js:1:30187)
    at it.load (/Users/jyyyeung/Projects/FullStack/hksanda-website/node_modules/picgo/dist/index.cjs.js:1:29851)
    at dt.init (/Users/jyyyeung/Projects/FullStack/hksanda-website/node_modules/picgo/dist/index.cjs.js:1:43749)
    at new dt (/Users/jyyyeung/Projects/FullStack/hksanda-website/node_modules/picgo/dist/index.cjs.js:1:42727)
    at file:///Users/jyyyeung/Projects/FullStack/hksanda-website/api/resolvers/image.js:15:15
-------Error Stack End------- 
2022-01-18 17:56:08 [PicGo ERROR] 
------Error Stack Begin------
Error: Cannot find module 'node_modules/picgo-plugin-compress'
Require stack:
- /Users/jyyyeung/Projects/FullStack/hksanda-website/node_modules/picgo/dist/index.cjs.js
    at Function.Module._resolveFilename (node:internal/modules/cjs/loader:933:15)
    at Function.Module._load (node:internal/modules/cjs/loader:778:27)
    at Module.require (node:internal/modules/cjs/loader:1005:19)
    at require (node:internal/modules/cjs/helpers:102:18)
    at it.getPlugin (/Users/jyyyeung/Projects/FullStack/hksanda-website/node_modules/picgo/dist/index.cjs.js:1:31037)
    at it.registerPlugin (/Users/jyyyeung/Projects/FullStack/hksanda-website/node_modules/picgo/dist/index.cjs.js:1:30187)
    at it.load (/Users/jyyyeung/Projects/FullStack/hksanda-website/node_modules/picgo/dist/index.cjs.js:1:29851)
    at dt.init (/Users/jyyyeung/Projects/FullStack/hksanda-website/node_modules/picgo/dist/index.cjs.js:1:43749)
    at new dt (/Users/jyyyeung/Projects/FullStack/hksanda-website/node_modules/picgo/dist/index.cjs.js:1:42727)
    at file:///Users/jyyyeung/Projects/FullStack/hksanda-website/api/resolvers/image.js:15:15
-------Error Stack End------- 
2022-01-18 18:02:34 [PicGo ERROR] 
------Error Stack Begin------
Error: Cannot find module 'node_modules/picgo-plugin-compress'
Require stack:
- /Users/jyyyeung/Projects/FullStack/hksanda-website/node_modules/picgo/dist/index.cjs.js
    at Function.Module._resolveFilename (node:internal/modules/cjs/loader:933:15)
    at Function.Module._load (node:internal/modules/cjs/loader:778:27)
    at Module.require (node:internal/modules/cjs/loader:1005:19)
    at require (node:internal/modules/cjs/helpers:102:18)
    at it.getPlugin (/Users/jyyyeung/Projects/FullStack/hksanda-website/node_modules/picgo/dist/index.cjs.js:1:31037)
    at it.registerPlugin (/Users/jyyyeung/Projects/FullStack/hksanda-website/node_modules/picgo/dist/index.cjs.js:1:30187)
    at it.load (/Users/jyyyeung/Projects/FullStack/hksanda-website/node_modules/picgo/dist/index.cjs.js:1:29851)
    at dt.init (/Users/jyyyeung/Projects/FullStack/hksanda-website/node_modules/picgo/dist/index.cjs.js:1:43749)
    at new dt (/Users/jyyyeung/Projects/FullStack/hksanda-website/node_modules/picgo/dist/index.cjs.js:1:42727)
    at file:///Users/jyyyeung/Projects/FullStack/hksanda-website/api/resolvers/image.js:15:15
-------Error Stack End------- 
2022-01-18 18:02:52 [PicGo ERROR] 
------Error Stack Begin------
Error: Cannot find module 'node_modules/picgo-plugin-compress'
Require stack:
- /Users/jyyyeung/Projects/FullStack/hksanda-website/node_modules/picgo/dist/index.cjs.js
    at Function.Module._resolveFilename (node:internal/modules/cjs/loader:933:15)
    at Function.Module._load (node:internal/modules/cjs/loader:778:27)
    at Module.require (node:internal/modules/cjs/loader:1005:19)
    at require (node:internal/modules/cjs/helpers:102:18)
    at it.getPlugin (/Users/jyyyeung/Projects/FullStack/hksanda-website/node_modules/picgo/dist/index.cjs.js:1:31037)
    at it.registerPlugin (/Users/jyyyeung/Projects/FullStack/hksanda-website/node_modules/picgo/dist/index.cjs.js:1:30187)
    at it.load (/Users/jyyyeung/Projects/FullStack/hksanda-website/node_modules/picgo/dist/index.cjs.js:1:29851)
    at dt.init (/Users/jyyyeung/Projects/FullStack/hksanda-website/node_modules/picgo/dist/index.cjs.js:1:43749)
    at new dt (/Users/jyyyeung/Projects/FullStack/hksanda-website/node_modules/picgo/dist/index.cjs.js:1:42727)
    at file:///Users/jyyyeung/Projects/FullStack/hksanda-website/api/resolvers/image.js:15:15
-------Error Stack End------- 
2022-01-18 18:03:42 [PicGo ERROR] 
------Error Stack Begin------
Error: Cannot find module 'node_modules/picgo-plugin-compress'
Require stack:
- /Users/jyyyeung/Projects/FullStack/hksanda-website/node_modules/picgo/dist/index.cjs.js
    at Function.Module._resolveFilename (node:internal/modules/cjs/loader:933:15)
    at Function.Module._load (node:internal/modules/cjs/loader:778:27)
    at Module.require (node:internal/modules/cjs/loader:1005:19)
    at require (node:internal/modules/cjs/helpers:102:18)
    at it.getPlugin (/Users/jyyyeung/Projects/FullStack/hksanda-website/node_modules/picgo/dist/index.cjs.js:1:31037)
    at it.registerPlugin (/Users/jyyyeung/Projects/FullStack/hksanda-website/node_modules/picgo/dist/index.cjs.js:1:30187)
    at it.load (/Users/jyyyeung/Projects/FullStack/hksanda-website/node_modules/picgo/dist/index.cjs.js:1:29851)
    at dt.init (/Users/jyyyeung/Projects/FullStack/hksanda-website/node_modules/picgo/dist/index.cjs.js:1:43749)
    at new dt (/Users/jyyyeung/Projects/FullStack/hksanda-website/node_modules/picgo/dist/index.cjs.js:1:42727)
    at file:///Users/jyyyeung/Projects/FullStack/hksanda-website/api/resolvers/image.js:15:15
-------Error Stack End------- 
2022-01-18 18:04:09 [PicGo ERROR] 
------Error Stack Begin------
Error: Cannot find module 'node_modules/picgo-plugin-compress'
Require stack:
- /Users/jyyyeung/Projects/FullStack/hksanda-website/node_modules/picgo/dist/index.cjs.js
    at Function.Module._resolveFilename (node:internal/modules/cjs/loader:933:15)
    at Function.Module._load (node:internal/modules/cjs/loader:778:27)
    at Module.require (node:internal/modules/cjs/loader:1005:19)
    at require (node:internal/modules/cjs/helpers:102:18)
    at it.getPlugin (/Users/jyyyeung/Projects/FullStack/hksanda-website/node_modules/picgo/dist/index.cjs.js:1:31037)
    at it.registerPlugin (/Users/jyyyeung/Projects/FullStack/hksanda-website/node_modules/picgo/dist/index.cjs.js:1:30187)
    at it.load (/Users/jyyyeung/Projects/FullStack/hksanda-website/node_modules/picgo/dist/index.cjs.js:1:29851)
    at dt.init (/Users/jyyyeung/Projects/FullStack/hksanda-website/node_modules/picgo/dist/index.cjs.js:1:43749)
    at new dt (/Users/jyyyeung/Projects/FullStack/hksanda-website/node_modules/picgo/dist/index.cjs.js:1:42727)
    at file:///Users/jyyyeung/Projects/FullStack/hksanda-website/api/resolvers/image.js:15:15
-------Error Stack End------- 
2022-01-18 18:04:43 [PicGo ERROR] 
------Error Stack Begin------
Error: Cannot find module 'node_modules/picgo-plugin-compress'
Require stack:
- /Users/jyyyeung/Projects/FullStack/hksanda-website/node_modules/picgo/dist/index.cjs.js
    at Function.Module._resolveFilename (node:internal/modules/cjs/loader:933:15)
    at Function.Module._load (node:internal/modules/cjs/loader:778:27)
    at Module.require (node:internal/modules/cjs/loader:1005:19)
    at require (node:internal/modules/cjs/helpers:102:18)
    at it.getPlugin (/Users/jyyyeung/Projects/FullStack/hksanda-website/node_modules/picgo/dist/index.cjs.js:1:31037)
    at it.registerPlugin (/Users/jyyyeung/Projects/FullStack/hksanda-website/node_modules/picgo/dist/index.cjs.js:1:30187)
    at it.load (/Users/jyyyeung/Projects/FullStack/hksanda-website/node_modules/picgo/dist/index.cjs.js:1:29851)
    at dt.init (/Users/jyyyeung/Projects/FullStack/hksanda-website/node_modules/picgo/dist/index.cjs.js:1:43749)
    at new dt (/Users/jyyyeung/Projects/FullStack/hksanda-website/node_modules/picgo/dist/index.cjs.js:1:42727)
    at file:///Users/jyyyeung/Projects/FullStack/hksanda-website/api/resolvers/image.js:15:15
-------Error Stack End------- 
2022-01-18 18:05:19 [PicGo ERROR] 
------Error Stack Begin------
Error: Cannot find module 'node_modules/picgo-plugin-compress'
Require stack:
- /Users/jyyyeung/Projects/FullStack/hksanda-website/node_modules/picgo/dist/index.cjs.js
    at Function.Module._resolveFilename (node:internal/modules/cjs/loader:933:15)
    at Function.Module._load (node:internal/modules/cjs/loader:778:27)
    at Module.require (node:internal/modules/cjs/loader:1005:19)
    at require (node:internal/modules/cjs/helpers:102:18)
    at it.getPlugin (/Users/jyyyeung/Projects/FullStack/hksanda-website/node_modules/picgo/dist/index.cjs.js:1:31037)
    at it.registerPlugin (/Users/jyyyeung/Projects/FullStack/hksanda-website/node_modules/picgo/dist/index.cjs.js:1:30187)
    at it.load (/Users/jyyyeung/Projects/FullStack/hksanda-website/node_modules/picgo/dist/index.cjs.js:1:29851)
    at dt.init (/Users/jyyyeung/Projects/FullStack/hksanda-website/node_modules/picgo/dist/index.cjs.js:1:43749)
    at new dt (/Users/jyyyeung/Projects/FullStack/hksanda-website/node_modules/picgo/dist/index.cjs.js:1:42727)
    at file:///Users/jyyyeung/Projects/FullStack/hksanda-website/api/resolvers/image.js:15:15
-------Error Stack End------- 
2022-01-18 18:06:47 [PicGo ERROR] 
------Error Stack Begin------
Error: Cannot find module 'node_modules/picgo-plugin-compress'
Require stack:
- /Users/jyyyeung/Projects/FullStack/hksanda-website/node_modules/picgo/dist/index.cjs.js
    at Function.Module._resolveFilename (node:internal/modules/cjs/loader:933:15)
    at Function.Module._load (node:internal/modules/cjs/loader:778:27)
    at Module.require (node:internal/modules/cjs/loader:1005:19)
    at require (node:internal/modules/cjs/helpers:102:18)
    at it.getPlugin (/Users/jyyyeung/Projects/FullStack/hksanda-website/node_modules/picgo/dist/index.cjs.js:1:31037)
    at it.registerPlugin (/Users/jyyyeung/Projects/FullStack/hksanda-website/node_modules/picgo/dist/index.cjs.js:1:30187)
    at it.load (/Users/jyyyeung/Projects/FullStack/hksanda-website/node_modules/picgo/dist/index.cjs.js:1:29851)
    at dt.init (/Users/jyyyeung/Projects/FullStack/hksanda-website/node_modules/picgo/dist/index.cjs.js:1:43749)
    at new dt (/Users/jyyyeung/Projects/FullStack/hksanda-website/node_modules/picgo/dist/index.cjs.js:1:42727)
    at file:///Users/jyyyeung/Projects/FullStack/hksanda-website/api/resolvers/image.js:15:15
-------Error Stack End------- 
2022-01-18 18:06:54 [PicGo ERROR] 
------Error Stack Begin------
Error: Cannot find module 'node_modules/picgo-plugin-compress'
Require stack:
- /Users/jyyyeung/Projects/FullStack/hksanda-website/node_modules/picgo/dist/index.cjs.js
    at Function.Module._resolveFilename (node:internal/modules/cjs/loader:933:15)
    at Function.Module._load (node:internal/modules/cjs/loader:778:27)
    at Module.require (node:internal/modules/cjs/loader:1005:19)
    at require (node:internal/modules/cjs/helpers:102:18)
    at it.getPlugin (/Users/jyyyeung/Projects/FullStack/hksanda-website/node_modules/picgo/dist/index.cjs.js:1:31037)
    at it.registerPlugin (/Users/jyyyeung/Projects/FullStack/hksanda-website/node_modules/picgo/dist/index.cjs.js:1:30187)
    at it.load (/Users/jyyyeung/Projects/FullStack/hksanda-website/node_modules/picgo/dist/index.cjs.js:1:29851)
    at dt.init (/Users/jyyyeung/Projects/FullStack/hksanda-website/node_modules/picgo/dist/index.cjs.js:1:43749)
    at new dt (/Users/jyyyeung/Projects/FullStack/hksanda-website/node_modules/picgo/dist/index.cjs.js:1:42727)
    at file:///Users/jyyyeung/Projects/FullStack/hksanda-website/api/resolvers/image.js:15:15
-------Error Stack End------- 
2022-01-18 18:07:12 [PicGo ERROR] 
------Error Stack Begin------
Error: Cannot find module 'node_modules/picgo-plugin-compress'
Require stack:
- /Users/jyyyeung/Projects/FullStack/hksanda-website/node_modules/picgo/dist/index.cjs.js
    at Function.Module._resolveFilename (node:internal/modules/cjs/loader:933:15)
    at Function.Module._load (node:internal/modules/cjs/loader:778:27)
    at Module.require (node:internal/modules/cjs/loader:1005:19)
    at require (node:internal/modules/cjs/helpers:102:18)
    at it.getPlugin (/Users/jyyyeung/Projects/FullStack/hksanda-website/node_modules/picgo/dist/index.cjs.js:1:31037)
    at it.registerPlugin (/Users/jyyyeung/Projects/FullStack/hksanda-website/node_modules/picgo/dist/index.cjs.js:1:30187)
    at it.load (/Users/jyyyeung/Projects/FullStack/hksanda-website/node_modules/picgo/dist/index.cjs.js:1:29851)
    at dt.init (/Users/jyyyeung/Projects/FullStack/hksanda-website/node_modules/picgo/dist/index.cjs.js:1:43749)
    at new dt (/Users/jyyyeung/Projects/FullStack/hksanda-website/node_modules/picgo/dist/index.cjs.js:1:42727)
    at file:///Users/jyyyeung/Projects/FullStack/hksanda-website/api/resolvers/image.js:15:15
-------Error Stack End------- 
2022-01-18 18:12:21 [PicGo ERROR] 
------Error Stack Begin------
Error: Cannot find module 'node_modules/picgo-plugin-compress'
Require stack:
- /Users/jyyyeung/Projects/FullStack/hksanda-website/node_modules/picgo/dist/index.cjs.js
    at Function.Module._resolveFilename (node:internal/modules/cjs/loader:933:15)
    at Function.Module._load (node:internal/modules/cjs/loader:778:27)
    at Module.require (node:internal/modules/cjs/loader:1005:19)
    at require (node:internal/modules/cjs/helpers:102:18)
    at it.getPlugin (/Users/jyyyeung/Projects/FullStack/hksanda-website/node_modules/picgo/dist/index.cjs.js:1:31037)
    at it.registerPlugin (/Users/jyyyeung/Projects/FullStack/hksanda-website/node_modules/picgo/dist/index.cjs.js:1:30187)
    at it.load (/Users/jyyyeung/Projects/FullStack/hksanda-website/node_modules/picgo/dist/index.cjs.js:1:29851)
    at dt.init (/Users/jyyyeung/Projects/FullStack/hksanda-website/node_modules/picgo/dist/index.cjs.js:1:43749)
    at new dt (/Users/jyyyeung/Projects/FullStack/hksanda-website/node_modules/picgo/dist/index.cjs.js:1:42727)
    at file:///Users/jyyyeung/Projects/FullStack/hksanda-website/api/helpers/picgo.js:11:15
-------Error Stack End------- 
2022-01-18 18:12:46 [PicGo ERROR] 
------Error Stack Begin------
Error: Cannot find module 'node_modules/picgo-plugin-compress'
Require stack:
- /Users/jyyyeung/Projects/FullStack/hksanda-website/node_modules/picgo/dist/index.cjs.js
    at Function.Module._resolveFilename (node:internal/modules/cjs/loader:933:15)
    at Function.Module._load (node:internal/modules/cjs/loader:778:27)
    at Module.require (node:internal/modules/cjs/loader:1005:19)
    at require (node:internal/modules/cjs/helpers:102:18)
    at it.getPlugin (/Users/jyyyeung/Projects/FullStack/hksanda-website/node_modules/picgo/dist/index.cjs.js:1:31037)
    at it.registerPlugin (/Users/jyyyeung/Projects/FullStack/hksanda-website/node_modules/picgo/dist/index.cjs.js:1:30187)
    at it.load (/Users/jyyyeung/Projects/FullStack/hksanda-website/node_modules/picgo/dist/index.cjs.js:1:29851)
    at dt.init (/Users/jyyyeung/Projects/FullStack/hksanda-website/node_modules/picgo/dist/index.cjs.js:1:43749)
    at new dt (/Users/jyyyeung/Projects/FullStack/hksanda-website/node_modules/picgo/dist/index.cjs.js:1:42727)
    at file:///Users/jyyyeung/Projects/FullStack/hksanda-website/api/helpers/picgo.js:11:15
-------Error Stack End------- 
2022-01-18 18:13:24 [PicGo INFO] Before transform 
2022-01-18 18:13:24 [PicGo INFO] Transforming... Current transformer is [path] 
2022-01-18 18:13:24 [PicGo INFO] Before upload 
2022-01-18 18:13:24 [PicGo INFO] beforeUploadPlugins: compress running 
2022-01-18 18:13:24 [PicGo INFO] beforeUploadPlugins: super-prefix running 
2022-01-18 18:13:24 [PicGo INFO] Uploading... Current uploader is [smms] 
2022-01-18 18:13:27 [PicGo SUCCESS] 
https://s2.loli.net/2022/01/18/vO1GieMk7s4EJfB.jpg 
2022-01-18 18:18:18 [PicGo INFO] Before transform 
2022-01-18 18:18:18 [PicGo INFO] Transforming... Current transformer is [path] 
2022-01-18 18:18:18 [PicGo INFO] Before upload 
2022-01-18 18:18:18 [PicGo INFO] beforeUploadPlugins: compress running 
2022-01-18 18:18:18 [PicGo INFO] beforeUploadPlugins: super-prefix running 
2022-01-18 18:18:18 [PicGo INFO] Uploading... Current uploader is [smms] 
2022-01-18 18:18:21 [PicGo SUCCESS] 
https://s2.loli.net/2022/01/18/vO1GieMk7s4EJfB.jpg 
2022-01-18 18:19:34 [PicGo INFO] Before transform 
2022-01-18 18:19:34 [PicGo INFO] Transforming... Current transformer is [path] 
2022-01-18 18:19:34 [PicGo INFO] Before upload 
2022-01-18 18:19:34 [PicGo INFO] beforeUploadPlugins: compress running 
2022-01-18 18:19:34 [PicGo INFO] beforeUploadPlugins: super-prefix running 
2022-01-18 18:19:34 [PicGo INFO] Uploading... Current uploader is [smms] 
2022-01-18 18:19:36 [PicGo SUCCESS] 
https://s2.loli.net/2022/01/18/vO1GieMk7s4EJfB.jpg 
2022-01-18 18:23:53 [PicGo ERROR] 
------Error Stack Begin------
Error: Cannot find module 'node_modules/picgo-plugin-super-prefix'
Require stack:
- /Users/jyyyeung/Projects/FullStack/hksanda-website/node_modules/picgo/dist/index.cjs.js
    at Function.Module._resolveFilename (node:internal/modules/cjs/loader:933:15)
    at Function.Module._load (node:internal/modules/cjs/loader:778:27)
    at Module.require (node:internal/modules/cjs/loader:1005:19)
    at require (node:internal/modules/cjs/helpers:102:18)
    at it.getPlugin (/Users/jyyyeung/Projects/FullStack/hksanda-website/node_modules/picgo/dist/index.cjs.js:1:31037)
    at it.registerPlugin (/Users/jyyyeung/Projects/FullStack/hksanda-website/node_modules/picgo/dist/index.cjs.js:1:30187)
    at it.load (/Users/jyyyeung/Projects/FullStack/hksanda-website/node_modules/picgo/dist/index.cjs.js:1:29851)
    at dt.init (/Users/jyyyeung/Projects/FullStack/hksanda-website/node_modules/picgo/dist/index.cjs.js:1:43749)
    at new dt (/Users/jyyyeung/Projects/FullStack/hksanda-website/node_modules/picgo/dist/index.cjs.js:1:42727)
    at file:///Users/jyyyeung/Projects/FullStack/hksanda-website/api/helpers/picgo.js:11:15
-------Error Stack End------- 
2022-01-18 18:24:46 [PicGo ERROR] 
------Error Stack Begin------
Error: Cannot find module 'node_modules/picgo-plugin-super-prefix'
Require stack:
- /Users/jyyyeung/Projects/FullStack/hksanda-website/node_modules/picgo/dist/index.cjs.js
    at Function.Module._resolveFilename (node:internal/modules/cjs/loader:933:15)
    at Function.Module._load (node:internal/modules/cjs/loader:778:27)
    at Module.require (node:internal/modules/cjs/loader:1005:19)
    at require (node:internal/modules/cjs/helpers:102:18)
    at it.getPlugin (/Users/jyyyeung/Projects/FullStack/hksanda-website/node_modules/picgo/dist/index.cjs.js:1:31037)
    at it.registerPlugin (/Users/jyyyeung/Projects/FullStack/hksanda-website/node_modules/picgo/dist/index.cjs.js:1:30187)
    at it.load (/Users/jyyyeung/Projects/FullStack/hksanda-website/node_modules/picgo/dist/index.cjs.js:1:29851)
    at dt.init (/Users/jyyyeung/Projects/FullStack/hksanda-website/node_modules/picgo/dist/index.cjs.js:1:43749)
    at new dt (/Users/jyyyeung/Projects/FullStack/hksanda-website/node_modules/picgo/dist/index.cjs.js:1:42727)
    at file:///Users/jyyyeung/Projects/FullStack/hksanda-website/api/helpers/picgo.js:11:15
-------Error Stack End------- 
2022-01-18 18:25:03 [PicGo ERROR] 
------Error Stack Begin------
Error: Cannot find module 'node_modules/picgo-plugin-super-prefix'
Require stack:
- /Users/jyyyeung/Projects/FullStack/hksanda-website/node_modules/picgo/dist/index.cjs.js
    at Function.Module._resolveFilename (node:internal/modules/cjs/loader:933:15)
    at Function.Module._load (node:internal/modules/cjs/loader:778:27)
    at Module.require (node:internal/modules/cjs/loader:1005:19)
    at require (node:internal/modules/cjs/helpers:102:18)
    at it.getPlugin (/Users/jyyyeung/Projects/FullStack/hksanda-website/node_modules/picgo/dist/index.cjs.js:1:31037)
    at it.registerPlugin (/Users/jyyyeung/Projects/FullStack/hksanda-website/node_modules/picgo/dist/index.cjs.js:1:30187)
    at it.load (/Users/jyyyeung/Projects/FullStack/hksanda-website/node_modules/picgo/dist/index.cjs.js:1:29851)
    at dt.init (/Users/jyyyeung/Projects/FullStack/hksanda-website/node_modules/picgo/dist/index.cjs.js:1:43749)
    at new dt (/Users/jyyyeung/Projects/FullStack/hksanda-website/node_modules/picgo/dist/index.cjs.js:1:42727)
    at file:///Users/jyyyeung/Projects/FullStack/hksanda-website/api/helpers/picgo.js:11:15
-------Error Stack End------- 
2022-01-18 18:25:07 [PicGo ERROR] 
------Error Stack Begin------
Error: Cannot find module 'node_modules/picgo-plugin-super-prefix'
Require stack:
- /Users/jyyyeung/Projects/FullStack/hksanda-website/node_modules/picgo/dist/index.cjs.js
    at Function.Module._resolveFilename (node:internal/modules/cjs/loader:933:15)
    at Function.Module._load (node:internal/modules/cjs/loader:778:27)
    at Module.require (node:internal/modules/cjs/loader:1005:19)
    at require (node:internal/modules/cjs/helpers:102:18)
    at it.getPlugin (/Users/jyyyeung/Projects/FullStack/hksanda-website/node_modules/picgo/dist/index.cjs.js:1:31037)
    at it.registerPlugin (/Users/jyyyeung/Projects/FullStack/hksanda-website/node_modules/picgo/dist/index.cjs.js:1:30187)
    at it.load (/Users/jyyyeung/Projects/FullStack/hksanda-website/node_modules/picgo/dist/index.cjs.js:1:29851)
    at dt.init (/Users/jyyyeung/Projects/FullStack/hksanda-website/node_modules/picgo/dist/index.cjs.js:1:43749)
    at new dt (/Users/jyyyeung/Projects/FullStack/hksanda-website/node_modules/picgo/dist/index.cjs.js:1:42727)
    at file:///Users/jyyyeung/Projects/FullStack/hksanda-website/api/helpers/picgo.js:11:15
-------Error Stack End------- 
2022-01-18 18:25:54 [PicGo ERROR] 
------Error Stack Begin------
Error: Cannot find module 'node_modules/picgo-plugin-super-prefix'
Require stack:
- /Users/jyyyeung/Projects/FullStack/hksanda-website/node_modules/picgo/dist/index.cjs.js
    at Function.Module._resolveFilename (node:internal/modules/cjs/loader:933:15)
    at Function.Module._load (node:internal/modules/cjs/loader:778:27)
    at Module.require (node:internal/modules/cjs/loader:1005:19)
    at require (node:internal/modules/cjs/helpers:102:18)
    at it.getPlugin (/Users/jyyyeung/Projects/FullStack/hksanda-website/node_modules/picgo/dist/index.cjs.js:1:31037)
    at it.registerPlugin (/Users/jyyyeung/Projects/FullStack/hksanda-website/node_modules/picgo/dist/index.cjs.js:1:30187)
    at it.load (/Users/jyyyeung/Projects/FullStack/hksanda-website/node_modules/picgo/dist/index.cjs.js:1:29851)
    at dt.init (/Users/jyyyeung/Projects/FullStack/hksanda-website/node_modules/picgo/dist/index.cjs.js:1:43749)
    at new dt (/Users/jyyyeung/Projects/FullStack/hksanda-website/node_modules/picgo/dist/index.cjs.js:1:42727)
    at file:///Users/jyyyeung/Projects/FullStack/hksanda-website/api/helpers/picgo.js:11:15
-------Error Stack End------- 
2022-01-18 18:26:11 [PicGo ERROR] 
------Error Stack Begin------
Error: Cannot find module 'node_modules/picgo-plugin-super-prefix'
Require stack:
- /Users/jyyyeung/Projects/FullStack/hksanda-website/node_modules/picgo/dist/index.cjs.js
    at Function.Module._resolveFilename (node:internal/modules/cjs/loader:933:15)
    at Function.Module._load (node:internal/modules/cjs/loader:778:27)
    at Module.require (node:internal/modules/cjs/loader:1005:19)
    at require (node:internal/modules/cjs/helpers:102:18)
    at it.getPlugin (/Users/jyyyeung/Projects/FullStack/hksanda-website/node_modules/picgo/dist/index.cjs.js:1:31037)
    at it.registerPlugin (/Users/jyyyeung/Projects/FullStack/hksanda-website/node_modules/picgo/dist/index.cjs.js:1:30187)
    at it.load (/Users/jyyyeung/Projects/FullStack/hksanda-website/node_modules/picgo/dist/index.cjs.js:1:29851)
    at dt.init (/Users/jyyyeung/Projects/FullStack/hksanda-website/node_modules/picgo/dist/index.cjs.js:1:43749)
    at new dt (/Users/jyyyeung/Projects/FullStack/hksanda-website/node_modules/picgo/dist/index.cjs.js:1:42727)
    at file:///Users/jyyyeung/Projects/FullStack/hksanda-website/api/helpers/picgo.js:11:15
-------Error Stack End------- 
2022-01-18 18:26:11 [PicGo ERROR] 
------Error Stack Begin------
TypeError: beforeUploadPlugins duplicate id: super-prefix!
    at Le.register (/Users/jyyyeung/Projects/FullStack/hksanda-website/node_modules/picgo/dist/index.cjs.js:1:15478)
    at Object.register (/Users/jyyyeung/Projects/FullStack/hksanda-website/node_modules/picgo-plugin-super-prefix/dist/index.js:35:40)
    at it.registerPlugin (/Users/jyyyeung/Projects/FullStack/hksanda-website/node_modules/picgo/dist/index.cjs.js:1:30035)
    at initPicGo (file:///Users/jyyyeung/Projects/FullStack/hksanda-website/api/helpers/picgo.js:27:22)
    at file:///Users/jyyyeung/Projects/FullStack/hksanda-website/api/server.js:94:1
    at ModuleJob.run (node:internal/modules/esm/module_job:185:25)
    at async Promise.all (index 0)
    at async ESMLoader.import (node:internal/modules/esm/loader:281:24)
    at async loadESM (node:internal/process/esm_loader:88:5)
    at async handleMainPromise (node:internal/modules/run_main:65:12)
-------Error Stack End------- 
2022-01-18 18:27:26 [PicGo ERROR] 
------Error Stack Begin------
Error: Cannot find module 'node_modules/picgo-plugin-super-prefix'
Require stack:
- /Users/jyyyeung/Projects/FullStack/hksanda-website/node_modules/picgo/dist/index.cjs.js
    at Function.Module._resolveFilename (node:internal/modules/cjs/loader:933:15)
    at Function.Module._load (node:internal/modules/cjs/loader:778:27)
    at Module.require (node:internal/modules/cjs/loader:1005:19)
    at require (node:internal/modules/cjs/helpers:102:18)
    at it.getPlugin (/Users/jyyyeung/Projects/FullStack/hksanda-website/node_modules/picgo/dist/index.cjs.js:1:31037)
    at it.registerPlugin (/Users/jyyyeung/Projects/FullStack/hksanda-website/node_modules/picgo/dist/index.cjs.js:1:30187)
    at it.load (/Users/jyyyeung/Projects/FullStack/hksanda-website/node_modules/picgo/dist/index.cjs.js:1:29851)
    at dt.init (/Users/jyyyeung/Projects/FullStack/hksanda-website/node_modules/picgo/dist/index.cjs.js:1:43749)
    at new dt (/Users/jyyyeung/Projects/FullStack/hksanda-website/node_modules/picgo/dist/index.cjs.js:1:42727)
    at file:///Users/jyyyeung/Projects/FullStack/hksanda-website/api/helpers/picgo.js:11:15
-------Error Stack End------- 
2022-01-18 18:27:30 [PicGo ERROR] 
------Error Stack Begin------
Error: Cannot find module 'node_modules/picgo-plugin-super-prefix'
Require stack:
- /Users/jyyyeung/Projects/FullStack/hksanda-website/node_modules/picgo/dist/index.cjs.js
    at Function.Module._resolveFilename (node:internal/modules/cjs/loader:933:15)
    at Function.Module._load (node:internal/modules/cjs/loader:778:27)
    at Module.require (node:internal/modules/cjs/loader:1005:19)
    at require (node:internal/modules/cjs/helpers:102:18)
    at it.getPlugin (/Users/jyyyeung/Projects/FullStack/hksanda-website/node_modules/picgo/dist/index.cjs.js:1:31037)
    at it.registerPlugin (/Users/jyyyeung/Projects/FullStack/hksanda-website/node_modules/picgo/dist/index.cjs.js:1:30187)
    at it.load (/Users/jyyyeung/Projects/FullStack/hksanda-website/node_modules/picgo/dist/index.cjs.js:1:29851)
    at dt.init (/Users/jyyyeung/Projects/FullStack/hksanda-website/node_modules/picgo/dist/index.cjs.js:1:43749)
    at new dt (/Users/jyyyeung/Projects/FullStack/hksanda-website/node_modules/picgo/dist/index.cjs.js:1:42727)
    at file:///Users/jyyyeung/Projects/FullStack/hksanda-website/api/helpers/picgo.js:11:15
-------Error Stack End------- 
2022-01-18 18:27:33 [PicGo ERROR] 
------Error Stack Begin------
Error: Cannot find module 'node_modules/picgo-plugin-super-prefix'
Require stack:
- /Users/jyyyeung/Projects/FullStack/hksanda-website/node_modules/picgo/dist/index.cjs.js
    at Function.Module._resolveFilename (node:internal/modules/cjs/loader:933:15)
    at Function.Module._load (node:internal/modules/cjs/loader:778:27)
    at Module.require (node:internal/modules/cjs/loader:1005:19)
    at require (node:internal/modules/cjs/helpers:102:18)
    at it.getPlugin (/Users/jyyyeung/Projects/FullStack/hksanda-website/node_modules/picgo/dist/index.cjs.js:1:31037)
    at it.registerPlugin (/Users/jyyyeung/Projects/FullStack/hksanda-website/node_modules/picgo/dist/index.cjs.js:1:30187)
    at it.load (/Users/jyyyeung/Projects/FullStack/hksanda-website/node_modules/picgo/dist/index.cjs.js:1:29851)
    at dt.init (/Users/jyyyeung/Projects/FullStack/hksanda-website/node_modules/picgo/dist/index.cjs.js:1:43749)
    at new dt (/Users/jyyyeung/Projects/FullStack/hksanda-website/node_modules/picgo/dist/index.cjs.js:1:42727)
    at file:///Users/jyyyeung/Projects/FullStack/hksanda-website/api/helpers/picgo.js:11:15
-------Error Stack End------- 
2022-01-18 18:27:35 [PicGo ERROR] 
------Error Stack Begin------
Error: Cannot find module 'node_modules/picgo-plugin-super-prefix'
Require stack:
- /Users/jyyyeung/Projects/FullStack/hksanda-website/node_modules/picgo/dist/index.cjs.js
    at Function.Module._resolveFilename (node:internal/modules/cjs/loader:933:15)
    at Function.Module._load (node:internal/modules/cjs/loader:778:27)
    at Module.require (node:internal/modules/cjs/loader:1005:19)
    at require (node:internal/modules/cjs/helpers:102:18)
    at it.getPlugin (/Users/jyyyeung/Projects/FullStack/hksanda-website/node_modules/picgo/dist/index.cjs.js:1:31037)
    at it.registerPlugin (/Users/jyyyeung/Projects/FullStack/hksanda-website/node_modules/picgo/dist/index.cjs.js:1:30187)
    at it.load (/Users/jyyyeung/Projects/FullStack/hksanda-website/node_modules/picgo/dist/index.cjs.js:1:29851)
    at dt.init (/Users/jyyyeung/Projects/FullStack/hksanda-website/node_modules/picgo/dist/index.cjs.js:1:43749)
    at new dt (/Users/jyyyeung/Projects/FullStack/hksanda-website/node_modules/picgo/dist/index.cjs.js:1:42727)
    at file:///Users/jyyyeung/Projects/FullStack/hksanda-website/api/helpers/picgo.js:11:15
-------Error Stack End------- 
2022-01-18 18:27:37 [PicGo ERROR] 
------Error Stack Begin------
Error: Cannot find module 'node_modules/picgo-plugin-super-prefix'
Require stack:
- /Users/jyyyeung/Projects/FullStack/hksanda-website/node_modules/picgo/dist/index.cjs.js
    at Function.Module._resolveFilename (node:internal/modules/cjs/loader:933:15)
    at Function.Module._load (node:internal/modules/cjs/loader:778:27)
    at Module.require (node:internal/modules/cjs/loader:1005:19)
    at require (node:internal/modules/cjs/helpers:102:18)
    at it.getPlugin (/Users/jyyyeung/Projects/FullStack/hksanda-website/node_modules/picgo/dist/index.cjs.js:1:31037)
    at it.registerPlugin (/Users/jyyyeung/Projects/FullStack/hksanda-website/node_modules/picgo/dist/index.cjs.js:1:30187)
    at it.load (/Users/jyyyeung/Projects/FullStack/hksanda-website/node_modules/picgo/dist/index.cjs.js:1:29851)
    at dt.init (/Users/jyyyeung/Projects/FullStack/hksanda-website/node_modules/picgo/dist/index.cjs.js:1:43749)
    at new dt (/Users/jyyyeung/Projects/FullStack/hksanda-website/node_modules/picgo/dist/index.cjs.js:1:42727)
    at file:///Users/jyyyeung/Projects/FullStack/hksanda-website/api/helpers/picgo.js:11:15
-------Error Stack End------- 
2022-01-18 18:27:40 [PicGo ERROR] 
------Error Stack Begin------
Error: Cannot find module 'node_modules/picgo-plugin-super-prefix'
Require stack:
- /Users/jyyyeung/Projects/FullStack/hksanda-website/node_modules/picgo/dist/index.cjs.js
    at Function.Module._resolveFilename (node:internal/modules/cjs/loader:933:15)
    at Function.Module._load (node:internal/modules/cjs/loader:778:27)
    at Module.require (node:internal/modules/cjs/loader:1005:19)
    at require (node:internal/modules/cjs/helpers:102:18)
    at it.getPlugin (/Users/jyyyeung/Projects/FullStack/hksanda-website/node_modules/picgo/dist/index.cjs.js:1:31037)
    at it.registerPlugin (/Users/jyyyeung/Projects/FullStack/hksanda-website/node_modules/picgo/dist/index.cjs.js:1:30187)
    at it.load (/Users/jyyyeung/Projects/FullStack/hksanda-website/node_modules/picgo/dist/index.cjs.js:1:29851)
    at dt.init (/Users/jyyyeung/Projects/FullStack/hksanda-website/node_modules/picgo/dist/index.cjs.js:1:43749)
    at new dt (/Users/jyyyeung/Projects/FullStack/hksanda-website/node_modules/picgo/dist/index.cjs.js:1:42727)
    at file:///Users/jyyyeung/Projects/FullStack/hksanda-website/api/helpers/picgo.js:11:15
-------Error Stack End------- 
2022-01-18 18:27:42 [PicGo ERROR] 
------Error Stack Begin------
Error: Cannot find module 'node_modules/picgo-plugin-super-prefix'
Require stack:
- /Users/jyyyeung/Projects/FullStack/hksanda-website/node_modules/picgo/dist/index.cjs.js
    at Function.Module._resolveFilename (node:internal/modules/cjs/loader:933:15)
    at Function.Module._load (node:internal/modules/cjs/loader:778:27)
    at Module.require (node:internal/modules/cjs/loader:1005:19)
    at require (node:internal/modules/cjs/helpers:102:18)
    at it.getPlugin (/Users/jyyyeung/Projects/FullStack/hksanda-website/node_modules/picgo/dist/index.cjs.js:1:31037)
    at it.registerPlugin (/Users/jyyyeung/Projects/FullStack/hksanda-website/node_modules/picgo/dist/index.cjs.js:1:30187)
    at it.load (/Users/jyyyeung/Projects/FullStack/hksanda-website/node_modules/picgo/dist/index.cjs.js:1:29851)
    at dt.init (/Users/jyyyeung/Projects/FullStack/hksanda-website/node_modules/picgo/dist/index.cjs.js:1:43749)
    at new dt (/Users/jyyyeung/Projects/FullStack/hksanda-website/node_modules/picgo/dist/index.cjs.js:1:42727)
    at file:///Users/jyyyeung/Projects/FullStack/hksanda-website/api/helpers/picgo.js:11:15
-------Error Stack End------- 
2022-01-18 18:27:45 [PicGo ERROR] 
------Error Stack Begin------
Error: Cannot find module 'node_modules/picgo-plugin-super-prefix'
Require stack:
- /Users/jyyyeung/Projects/FullStack/hksanda-website/node_modules/picgo/dist/index.cjs.js
    at Function.Module._resolveFilename (node:internal/modules/cjs/loader:933:15)
    at Function.Module._load (node:internal/modules/cjs/loader:778:27)
    at Module.require (node:internal/modules/cjs/loader:1005:19)
    at require (node:internal/modules/cjs/helpers:102:18)
    at it.getPlugin (/Users/jyyyeung/Projects/FullStack/hksanda-website/node_modules/picgo/dist/index.cjs.js:1:31037)
    at it.registerPlugin (/Users/jyyyeung/Projects/FullStack/hksanda-website/node_modules/picgo/dist/index.cjs.js:1:30187)
    at it.load (/Users/jyyyeung/Projects/FullStack/hksanda-website/node_modules/picgo/dist/index.cjs.js:1:29851)
    at dt.init (/Users/jyyyeung/Projects/FullStack/hksanda-website/node_modules/picgo/dist/index.cjs.js:1:43749)
    at new dt (/Users/jyyyeung/Projects/FullStack/hksanda-website/node_modules/picgo/dist/index.cjs.js:1:42727)
    at file:///Users/jyyyeung/Projects/FullStack/hksanda-website/api/helpers/picgo.js:11:15
-------Error Stack End------- 
2022-01-18 18:27:47 [PicGo ERROR] 
------Error Stack Begin------
Error: Cannot find module 'node_modules/picgo-plugin-super-prefix'
Require stack:
- /Users/jyyyeung/Projects/FullStack/hksanda-website/node_modules/picgo/dist/index.cjs.js
    at Function.Module._resolveFilename (node:internal/modules/cjs/loader:933:15)
    at Function.Module._load (node:internal/modules/cjs/loader:778:27)
    at Module.require (node:internal/modules/cjs/loader:1005:19)
    at require (node:internal/modules/cjs/helpers:102:18)
    at it.getPlugin (/Users/jyyyeung/Projects/FullStack/hksanda-website/node_modules/picgo/dist/index.cjs.js:1:31037)
    at it.registerPlugin (/Users/jyyyeung/Projects/FullStack/hksanda-website/node_modules/picgo/dist/index.cjs.js:1:30187)
    at it.load (/Users/jyyyeung/Projects/FullStack/hksanda-website/node_modules/picgo/dist/index.cjs.js:1:29851)
    at dt.init (/Users/jyyyeung/Projects/FullStack/hksanda-website/node_modules/picgo/dist/index.cjs.js:1:43749)
    at new dt (/Users/jyyyeung/Projects/FullStack/hksanda-website/node_modules/picgo/dist/index.cjs.js:1:42727)
    at file:///Users/jyyyeung/Projects/FullStack/hksanda-website/api/helpers/picgo.js:11:15
-------Error Stack End------- 
2022-01-18 18:27:49 [PicGo ERROR] 
------Error Stack Begin------
Error: Cannot find module 'node_modules/picgo-plugin-super-prefix'
Require stack:
- /Users/jyyyeung/Projects/FullStack/hksanda-website/node_modules/picgo/dist/index.cjs.js
    at Function.Module._resolveFilename (node:internal/modules/cjs/loader:933:15)
    at Function.Module._load (node:internal/modules/cjs/loader:778:27)
    at Module.require (node:internal/modules/cjs/loader:1005:19)
    at require (node:internal/modules/cjs/helpers:102:18)
    at it.getPlugin (/Users/jyyyeung/Projects/FullStack/hksanda-website/node_modules/picgo/dist/index.cjs.js:1:31037)
    at it.registerPlugin (/Users/jyyyeung/Projects/FullStack/hksanda-website/node_modules/picgo/dist/index.cjs.js:1:30187)
    at it.load (/Users/jyyyeung/Projects/FullStack/hksanda-website/node_modules/picgo/dist/index.cjs.js:1:29851)
    at dt.init (/Users/jyyyeung/Projects/FullStack/hksanda-website/node_modules/picgo/dist/index.cjs.js:1:43749)
    at new dt (/Users/jyyyeung/Projects/FullStack/hksanda-website/node_modules/picgo/dist/index.cjs.js:1:42727)
    at file:///Users/jyyyeung/Projects/FullStack/hksanda-website/api/helpers/picgo.js:11:15
-------Error Stack End------- 
2022-01-18 18:27:52 [PicGo ERROR] 
------Error Stack Begin------
Error: Cannot find module 'node_modules/picgo-plugin-super-prefix'
Require stack:
- /Users/jyyyeung/Projects/FullStack/hksanda-website/node_modules/picgo/dist/index.cjs.js
    at Function.Module._resolveFilename (node:internal/modules/cjs/loader:933:15)
    at Function.Module._load (node:internal/modules/cjs/loader:778:27)
    at Module.require (node:internal/modules/cjs/loader:1005:19)
    at require (node:internal/modules/cjs/helpers:102:18)
    at it.getPlugin (/Users/jyyyeung/Projects/FullStack/hksanda-website/node_modules/picgo/dist/index.cjs.js:1:31037)
    at it.registerPlugin (/Users/jyyyeung/Projects/FullStack/hksanda-website/node_modules/picgo/dist/index.cjs.js:1:30187)
    at it.load (/Users/jyyyeung/Projects/FullStack/hksanda-website/node_modules/picgo/dist/index.cjs.js:1:29851)
    at dt.init (/Users/jyyyeung/Projects/FullStack/hksanda-website/node_modules/picgo/dist/index.cjs.js:1:43749)
    at new dt (/Users/jyyyeung/Projects/FullStack/hksanda-website/node_modules/picgo/dist/index.cjs.js:1:42727)
    at file:///Users/jyyyeung/Projects/FullStack/hksanda-website/api/helpers/picgo.js:11:15
-------Error Stack End------- 
2022-01-18 18:27:54 [PicGo ERROR] 
------Error Stack Begin------
Error: Cannot find module 'node_modules/picgo-plugin-super-prefix'
Require stack:
- /Users/jyyyeung/Projects/FullStack/hksanda-website/node_modules/picgo/dist/index.cjs.js
    at Function.Module._resolveFilename (node:internal/modules/cjs/loader:933:15)
    at Function.Module._load (node:internal/modules/cjs/loader:778:27)
    at Module.require (node:internal/modules/cjs/loader:1005:19)
    at require (node:internal/modules/cjs/helpers:102:18)
    at it.getPlugin (/Users/jyyyeung/Projects/FullStack/hksanda-website/node_modules/picgo/dist/index.cjs.js:1:31037)
    at it.registerPlugin (/Users/jyyyeung/Projects/FullStack/hksanda-website/node_modules/picgo/dist/index.cjs.js:1:30187)
    at it.load (/Users/jyyyeung/Projects/FullStack/hksanda-website/node_modules/picgo/dist/index.cjs.js:1:29851)
    at dt.init (/Users/jyyyeung/Projects/FullStack/hksanda-website/node_modules/picgo/dist/index.cjs.js:1:43749)
    at new dt (/Users/jyyyeung/Projects/FullStack/hksanda-website/node_modules/picgo/dist/index.cjs.js:1:42727)
    at file:///Users/jyyyeung/Projects/FullStack/hksanda-website/api/helpers/picgo.js:11:15
-------Error Stack End------- 
2022-01-18 18:27:57 [PicGo ERROR] 
------Error Stack Begin------
Error: Cannot find module 'node_modules/picgo-plugin-super-prefix'
Require stack:
- /Users/jyyyeung/Projects/FullStack/hksanda-website/node_modules/picgo/dist/index.cjs.js
    at Function.Module._resolveFilename (node:internal/modules/cjs/loader:933:15)
    at Function.Module._load (node:internal/modules/cjs/loader:778:27)
    at Module.require (node:internal/modules/cjs/loader:1005:19)
    at require (node:internal/modules/cjs/helpers:102:18)
    at it.getPlugin (/Users/jyyyeung/Projects/FullStack/hksanda-website/node_modules/picgo/dist/index.cjs.js:1:31037)
    at it.registerPlugin (/Users/jyyyeung/Projects/FullStack/hksanda-website/node_modules/picgo/dist/index.cjs.js:1:30187)
    at it.load (/Users/jyyyeung/Projects/FullStack/hksanda-website/node_modules/picgo/dist/index.cjs.js:1:29851)
    at dt.init (/Users/jyyyeung/Projects/FullStack/hksanda-website/node_modules/picgo/dist/index.cjs.js:1:43749)
    at new dt (/Users/jyyyeung/Projects/FullStack/hksanda-website/node_modules/picgo/dist/index.cjs.js:1:42727)
    at file:///Users/jyyyeung/Projects/FullStack/hksanda-website/api/helpers/picgo.js:11:15
-------Error Stack End------- 
2022-01-18 18:27:59 [PicGo ERROR] 
------Error Stack Begin------
Error: Cannot find module 'node_modules/picgo-plugin-super-prefix'
Require stack:
- /Users/jyyyeung/Projects/FullStack/hksanda-website/node_modules/picgo/dist/index.cjs.js
    at Function.Module._resolveFilename (node:internal/modules/cjs/loader:933:15)
    at Function.Module._load (node:internal/modules/cjs/loader:778:27)
    at Module.require (node:internal/modules/cjs/loader:1005:19)
    at require (node:internal/modules/cjs/helpers:102:18)
    at it.getPlugin (/Users/jyyyeung/Projects/FullStack/hksanda-website/node_modules/picgo/dist/index.cjs.js:1:31037)
    at it.registerPlugin (/Users/jyyyeung/Projects/FullStack/hksanda-website/node_modules/picgo/dist/index.cjs.js:1:30187)
    at it.load (/Users/jyyyeung/Projects/FullStack/hksanda-website/node_modules/picgo/dist/index.cjs.js:1:29851)
    at dt.init (/Users/jyyyeung/Projects/FullStack/hksanda-website/node_modules/picgo/dist/index.cjs.js:1:43749)
    at new dt (/Users/jyyyeung/Projects/FullStack/hksanda-website/node_modules/picgo/dist/index.cjs.js:1:42727)
    at file:///Users/jyyyeung/Projects/FullStack/hksanda-website/api/helpers/picgo.js:11:15
-------Error Stack End------- 
2022-01-18 18:29:08 [PicGo ERROR] 
------Error Stack Begin------
Error: Cannot find module 'node_modules/picgo-plugin-super-prefix'
Require stack:
- /Users/jyyyeung/Projects/FullStack/hksanda-website/node_modules/picgo/dist/index.cjs.js
    at Function.Module._resolveFilename (node:internal/modules/cjs/loader:933:15)
    at Function.Module._load (node:internal/modules/cjs/loader:778:27)
    at Module.require (node:internal/modules/cjs/loader:1005:19)
    at require (node:internal/modules/cjs/helpers:102:18)
    at it.getPlugin (/Users/jyyyeung/Projects/FullStack/hksanda-website/node_modules/picgo/dist/index.cjs.js:1:31037)
    at it.registerPlugin (/Users/jyyyeung/Projects/FullStack/hksanda-website/node_modules/picgo/dist/index.cjs.js:1:30187)
    at it.load (/Users/jyyyeung/Projects/FullStack/hksanda-website/node_modules/picgo/dist/index.cjs.js:1:29851)
    at dt.init (/Users/jyyyeung/Projects/FullStack/hksanda-website/node_modules/picgo/dist/index.cjs.js:1:43749)
    at new dt (/Users/jyyyeung/Projects/FullStack/hksanda-website/node_modules/picgo/dist/index.cjs.js:1:42727)
    at file:///Users/jyyyeung/Projects/FullStack/hksanda-website/api/helpers/picgo.js:11:15
-------Error Stack End------- 
2022-01-18 18:29:10 [PicGo ERROR] 
------Error Stack Begin------
Error: Cannot find module 'node_modules/picgo-plugin-super-prefix'
Require stack:
- /Users/jyyyeung/Projects/FullStack/hksanda-website/node_modules/picgo/dist/index.cjs.js
    at Function.Module._resolveFilename (node:internal/modules/cjs/loader:933:15)
    at Function.Module._load (node:internal/modules/cjs/loader:778:27)
    at Module.require (node:internal/modules/cjs/loader:1005:19)
    at require (node:internal/modules/cjs/helpers:102:18)
    at it.getPlugin (/Users/jyyyeung/Projects/FullStack/hksanda-website/node_modules/picgo/dist/index.cjs.js:1:31037)
    at it.registerPlugin (/Users/jyyyeung/Projects/FullStack/hksanda-website/node_modules/picgo/dist/index.cjs.js:1:30187)
    at it.load (/Users/jyyyeung/Projects/FullStack/hksanda-website/node_modules/picgo/dist/index.cjs.js:1:29851)
    at dt.init (/Users/jyyyeung/Projects/FullStack/hksanda-website/node_modules/picgo/dist/index.cjs.js:1:43749)
    at new dt (/Users/jyyyeung/Projects/FullStack/hksanda-website/node_modules/picgo/dist/index.cjs.js:1:42727)
    at file:///Users/jyyyeung/Projects/FullStack/hksanda-website/api/helpers/picgo.js:11:15
-------Error Stack End------- 
2022-01-18 18:29:13 [PicGo ERROR] 
------Error Stack Begin------
Error: Cannot find module 'node_modules/picgo-plugin-super-prefix'
Require stack:
- /Users/jyyyeung/Projects/FullStack/hksanda-website/node_modules/picgo/dist/index.cjs.js
    at Function.Module._resolveFilename (node:internal/modules/cjs/loader:933:15)
    at Function.Module._load (node:internal/modules/cjs/loader:778:27)
    at Module.require (node:internal/modules/cjs/loader:1005:19)
    at require (node:internal/modules/cjs/helpers:102:18)
    at it.getPlugin (/Users/jyyyeung/Projects/FullStack/hksanda-website/node_modules/picgo/dist/index.cjs.js:1:31037)
    at it.registerPlugin (/Users/jyyyeung/Projects/FullStack/hksanda-website/node_modules/picgo/dist/index.cjs.js:1:30187)
    at it.load (/Users/jyyyeung/Projects/FullStack/hksanda-website/node_modules/picgo/dist/index.cjs.js:1:29851)
    at dt.init (/Users/jyyyeung/Projects/FullStack/hksanda-website/node_modules/picgo/dist/index.cjs.js:1:43749)
    at new dt (/Users/jyyyeung/Projects/FullStack/hksanda-website/node_modules/picgo/dist/index.cjs.js:1:42727)
    at file:///Users/jyyyeung/Projects/FullStack/hksanda-website/api/helpers/picgo.js:11:15
-------Error Stack End------- 
2022-01-18 18:29:15 [PicGo ERROR] 
------Error Stack Begin------
Error: Cannot find module 'node_modules/picgo-plugin-super-prefix'
Require stack:
- /Users/jyyyeung/Projects/FullStack/hksanda-website/node_modules/picgo/dist/index.cjs.js
    at Function.Module._resolveFilename (node:internal/modules/cjs/loader:933:15)
    at Function.Module._load (node:internal/modules/cjs/loader:778:27)
    at Module.require (node:internal/modules/cjs/loader:1005:19)
    at require (node:internal/modules/cjs/helpers:102:18)
    at it.getPlugin (/Users/jyyyeung/Projects/FullStack/hksanda-website/node_modules/picgo/dist/index.cjs.js:1:31037)
    at it.registerPlugin (/Users/jyyyeung/Projects/FullStack/hksanda-website/node_modules/picgo/dist/index.cjs.js:1:30187)
    at it.load (/Users/jyyyeung/Projects/FullStack/hksanda-website/node_modules/picgo/dist/index.cjs.js:1:29851)
    at dt.init (/Users/jyyyeung/Projects/FullStack/hksanda-website/node_modules/picgo/dist/index.cjs.js:1:43749)
    at new dt (/Users/jyyyeung/Projects/FullStack/hksanda-website/node_modules/picgo/dist/index.cjs.js:1:42727)
    at file:///Users/jyyyeung/Projects/FullStack/hksanda-website/api/helpers/picgo.js:11:15
-------Error Stack End------- 
2022-01-18 18:29:35 [PicGo ERROR] 
------Error Stack Begin------
Error: Cannot find module 'node_modules/picgo-plugin-super-prefix'
Require stack:
- /Users/jyyyeung/Projects/FullStack/hksanda-website/node_modules/picgo/dist/index.cjs.js
    at Function.Module._resolveFilename (node:internal/modules/cjs/loader:933:15)
    at Function.Module._load (node:internal/modules/cjs/loader:778:27)
    at Module.require (node:internal/modules/cjs/loader:1005:19)
    at require (node:internal/modules/cjs/helpers:102:18)
    at it.getPlugin (/Users/jyyyeung/Projects/FullStack/hksanda-website/node_modules/picgo/dist/index.cjs.js:1:31037)
    at it.registerPlugin (/Users/jyyyeung/Projects/FullStack/hksanda-website/node_modules/picgo/dist/index.cjs.js:1:30187)
    at it.load (/Users/jyyyeung/Projects/FullStack/hksanda-website/node_modules/picgo/dist/index.cjs.js:1:29851)
    at dt.init (/Users/jyyyeung/Projects/FullStack/hksanda-website/node_modules/picgo/dist/index.cjs.js:1:43749)
    at new dt (/Users/jyyyeung/Projects/FullStack/hksanda-website/node_modules/picgo/dist/index.cjs.js:1:42727)
    at file:///Users/jyyyeung/Projects/FullStack/hksanda-website/api/helpers/picgo.js:11:15
-------Error Stack End------- 
2022-01-18 18:29:37 [PicGo ERROR] 
------Error Stack Begin------
Error: Cannot find module 'node_modules/picgo-plugin-super-prefix'
Require stack:
- /Users/jyyyeung/Projects/FullStack/hksanda-website/node_modules/picgo/dist/index.cjs.js
    at Function.Module._resolveFilename (node:internal/modules/cjs/loader:933:15)
    at Function.Module._load (node:internal/modules/cjs/loader:778:27)
    at Module.require (node:internal/modules/cjs/loader:1005:19)
    at require (node:internal/modules/cjs/helpers:102:18)
    at it.getPlugin (/Users/jyyyeung/Projects/FullStack/hksanda-website/node_modules/picgo/dist/index.cjs.js:1:31037)
    at it.registerPlugin (/Users/jyyyeung/Projects/FullStack/hksanda-website/node_modules/picgo/dist/index.cjs.js:1:30187)
    at it.load (/Users/jyyyeung/Projects/FullStack/hksanda-website/node_modules/picgo/dist/index.cjs.js:1:29851)
    at dt.init (/Users/jyyyeung/Projects/FullStack/hksanda-website/node_modules/picgo/dist/index.cjs.js:1:43749)
    at new dt (/Users/jyyyeung/Projects/FullStack/hksanda-website/node_modules/picgo/dist/index.cjs.js:1:42727)
    at file:///Users/jyyyeung/Projects/FullStack/hksanda-website/api/helpers/picgo.js:11:15
-------Error Stack End------- 
2022-01-18 18:34:41 [PicGo ERROR] 
------Error Stack Begin------
Error: Cannot find module 'node_modules/picgo-plugin-super-prefix'
Require stack:
- /Users/jyyyeung/Projects/FullStack/hksanda-website/node_modules/picgo/dist/src/lib/PluginLoader.js
- /Users/jyyyeung/Projects/FullStack/hksanda-website/node_modules/picgo/dist/src/core/PicGo.js
- /Users/jyyyeung/Projects/FullStack/hksanda-website/node_modules/picgo/dist/src/index.js
    at Function.Module._resolveFilename (node:internal/modules/cjs/loader:933:15)
    at Function.Module._load (node:internal/modules/cjs/loader:778:27)
    at Module.require (node:internal/modules/cjs/loader:1005:19)
    at require (node:internal/modules/cjs/helpers:102:18)
    at PluginLoader.getPlugin (/Users/jyyyeung/Projects/FullStack/hksanda-website/node_modules/picgo/dist/src/lib/PluginLoader.js:125:24)
    at PluginLoader.registerPlugin (/Users/jyyyeung/Projects/FullStack/hksanda-website/node_modules/picgo/dist/src/lib/PluginLoader.js:78:26)
    at PluginLoader.load (/Users/jyyyeung/Projects/FullStack/hksanda-website/node_modules/picgo/dist/src/lib/PluginLoader.js:61:18)
    at PicGo.init (/Users/jyyyeung/Projects/FullStack/hksanda-website/node_modules/picgo/dist/src/core/PicGo.js:97:32)
    at new PicGo (/Users/jyyyeung/Projects/FullStack/hksanda-website/node_modules/picgo/dist/src/core/PicGo.js:64:14)
    at file:///Users/jyyyeung/Projects/FullStack/hksanda-website/api/helpers/picgo.js:11:15
-------Error Stack End------- 
2022-01-18 18:34:55 [PicGo ERROR] 
------Error Stack Begin------
Error: Cannot find module 'node_modules/picgo-plugin-super-prefix'
Require stack:
- /Users/jyyyeung/Projects/FullStack/hksanda-website/node_modules/picgo/dist/src/lib/PluginLoader.js
- /Users/jyyyeung/Projects/FullStack/hksanda-website/node_modules/picgo/dist/src/core/PicGo.js
- /Users/jyyyeung/Projects/FullStack/hksanda-website/node_modules/picgo/dist/src/index.js
    at Function.Module._resolveFilename (node:internal/modules/cjs/loader:933:15)
    at Function.Module._load (node:internal/modules/cjs/loader:778:27)
    at Module.require (node:internal/modules/cjs/loader:1005:19)
    at require (node:internal/modules/cjs/helpers:102:18)
    at PluginLoader.getPlugin (/Users/jyyyeung/Projects/FullStack/hksanda-website/node_modules/picgo/dist/src/lib/PluginLoader.js:125:24)
    at PluginLoader.registerPlugin (/Users/jyyyeung/Projects/FullStack/hksanda-website/node_modules/picgo/dist/src/lib/PluginLoader.js:78:26)
    at PluginLoader.load (/Users/jyyyeung/Projects/FullStack/hksanda-website/node_modules/picgo/dist/src/lib/PluginLoader.js:61:18)
    at PicGo.init (/Users/jyyyeung/Projects/FullStack/hksanda-website/node_modules/picgo/dist/src/core/PicGo.js:97:32)
    at new PicGo (/Users/jyyyeung/Projects/FullStack/hksanda-website/node_modules/picgo/dist/src/core/PicGo.js:64:14)
    at file:///Users/jyyyeung/Projects/FullStack/hksanda-website/api/helpers/picgo.js:11:15
-------Error Stack End------- 
2022-01-18 18:35:03 [PicGo ERROR] 
------Error Stack Begin------
Error: Cannot find module 'node_modules/picgo-plugin-super-prefix'
Require stack:
- /Users/jyyyeung/Projects/FullStack/hksanda-website/node_modules/picgo/dist/src/lib/PluginLoader.js
- /Users/jyyyeung/Projects/FullStack/hksanda-website/node_modules/picgo/dist/src/core/PicGo.js
- /Users/jyyyeung/Projects/FullStack/hksanda-website/node_modules/picgo/dist/src/index.js
    at Function.Module._resolveFilename (node:internal/modules/cjs/loader:933:15)
    at Function.Module._load (node:internal/modules/cjs/loader:778:27)
    at Module.require (node:internal/modules/cjs/loader:1005:19)
    at require (node:internal/modules/cjs/helpers:102:18)
    at PluginLoader.getPlugin (/Users/jyyyeung/Projects/FullStack/hksanda-website/node_modules/picgo/dist/src/lib/PluginLoader.js:125:24)
    at PluginLoader.registerPlugin (/Users/jyyyeung/Projects/FullStack/hksanda-website/node_modules/picgo/dist/src/lib/PluginLoader.js:78:26)
    at PluginLoader.load (/Users/jyyyeung/Projects/FullStack/hksanda-website/node_modules/picgo/dist/src/lib/PluginLoader.js:61:18)
    at PicGo.init (/Users/jyyyeung/Projects/FullStack/hksanda-website/node_modules/picgo/dist/src/core/PicGo.js:97:32)
    at new PicGo (/Users/jyyyeung/Projects/FullStack/hksanda-website/node_modules/picgo/dist/src/core/PicGo.js:64:14)
    at file:///Users/jyyyeung/Projects/FullStack/hksanda-website/api/helpers/picgo.js:11:15
-------Error Stack End------- 
2022-01-18 18:38:37 [PicGo INFO] Before transform 
2022-01-18 18:38:37 [PicGo INFO] Transforming... Current transformer is [path] 
2022-01-18 18:38:37 [PicGo INFO] Before upload 
2022-01-18 18:38:37 [PicGo INFO] Uploading... Current uploader is [smms] 
2022-01-18 18:38:39 [PicGo SUCCESS] 
https://s2.loli.net/2022/01/18/vO1GieMk7s4EJfB.jpg 
2022-01-18 18:39:15 [PicGo INFO] Before transform 
2022-01-18 18:39:15 [PicGo INFO] Transforming... Current transformer is [path] 
2022-01-18 18:39:15 [PicGo INFO] Before upload 
2022-01-18 18:39:15 [PicGo INFO] Uploading... Current uploader is [smms] 
2022-01-18 18:39:21 [PicGo SUCCESS] 
https://s2.loli.net/2022/01/18/DqaBHtxp4XOALsg.png 
2022-01-21 11:52:27 [PicGo INFO] Before transform 
2022-01-21 11:52:27 [PicGo INFO] Transforming... Current transformer is [path] 
2022-01-21 11:52:27 [PicGo INFO] Before upload 
2022-01-21 11:52:27 [PicGo INFO] Uploading... Current uploader is [smms] 
2022-01-21 11:52:29 [PicGo SUCCESS] 
https://s2.loli.net/2022/01/21/dgBVltYTHWhxZX9.jpg 
2022-01-21 11:56:04 [PicGo INFO] Before transform 
2022-01-21 11:56:04 [PicGo INFO] Transforming... Current transformer is [path] 
2022-01-21 11:56:04 [PicGo INFO] Before upload 
2022-01-21 11:56:04 [PicGo INFO] Uploading... Current uploader is [smms] 
2022-01-21 11:56:06 [PicGo SUCCESS] 
https://s2.loli.net/2022/01/21/yKcheQSEOUgpmlM.png 
2022-01-21 12:12:17 [PicGo INFO] Before transform 
2022-01-21 12:12:17 [PicGo INFO] Transforming... Current transformer is [path] 
2022-01-21 12:12:17 [PicGo INFO] Before upload 
2022-01-21 12:12:17 [PicGo INFO] Uploading... Current uploader is [smms] 
2022-01-21 12:12:19 [PicGo SUCCESS] 
https://s2.loli.net/2022/01/21/yKcheQSEOUgpmlM.png 
2022-01-21 12:13:29 [PicGo INFO] Before transform 
2022-01-21 12:13:29 [PicGo INFO] Transforming... Current transformer is [path] 
2022-01-21 12:13:29 [PicGo INFO] Before upload 
2022-01-21 12:13:29 [PicGo INFO] Uploading... Current uploader is [smms] 
2022-01-21 12:13:32 [PicGo SUCCESS] 
https://s2.loli.net/2022/01/21/3BMsA8Jgi4joxzv.png 
2022-01-21 12:14:55 [PicGo INFO] Before transform 
2022-01-21 12:14:55 [PicGo INFO] Transforming... Current transformer is [path] 
2022-01-21 12:14:55 [PicGo INFO] Before upload 
2022-01-21 12:14:55 [PicGo INFO] Uploading... Current uploader is [smms] 
2022-01-21 12:14:57 [PicGo SUCCESS] 
https://s2.loli.net/2022/01/21/5D8vUYGfcxPQ7hA.png 
2022-01-21 12:17:45 [PicGo INFO] Before transform 
2022-01-21 12:17:45 [PicGo INFO] Transforming... Current transformer is [path] 
2022-01-21 12:17:45 [PicGo INFO] Before upload 
2022-01-21 12:17:45 [PicGo INFO] Uploading... Current uploader is [smms] 
2022-01-21 12:17:47 [PicGo SUCCESS] 
https://s2.loli.net/2022/01/21/C5SGKMsxRJul4vX.png 
2022-01-21 12:23:21 [PicGo INFO] Before transform 
2022-01-21 12:23:21 [PicGo INFO] Transforming... Current transformer is [path] 
2022-01-21 12:23:21 [PicGo INFO] Before upload 
2022-01-21 12:23:21 [PicGo INFO] Uploading... Current uploader is [smms] 
2022-01-21 12:23:23 [PicGo SUCCESS] 
https://s2.loli.net/2022/01/21/LIq86ndeoXYWH5j.png 
2022-01-21 15:42:27 [PicGo INFO] Before transform 
2022-01-21 15:42:27 [PicGo INFO] Transforming... Current transformer is [path] 
2022-01-21 15:42:27 [PicGo INFO] Before upload 
2022-01-21 15:42:27 [PicGo INFO] Uploading... Current uploader is [smms] 
2022-01-21 15:42:30 [PicGo SUCCESS] 
https://s2.loli.net/2022/01/21/ozMP2eJcWrZj7wq.jpg 
2022-01-21 15:43:29 [PicGo INFO] Before transform 
2022-01-21 15:43:29 [PicGo INFO] Transforming... Current transformer is [path] 
2022-01-21 15:43:29 [PicGo INFO] Before upload 
2022-01-21 15:43:29 [PicGo INFO] Uploading... Current uploader is [smms] 
2022-01-21 15:43:32 [PicGo SUCCESS] 
https://s2.loli.net/2022/01/21/RvdfQuY3ThMlkiX.jpg 
2022-01-21 15:46:21 [PicGo INFO] Before transform 
2022-01-21 15:46:21 [PicGo INFO] Transforming... Current transformer is [path] 
2022-01-21 15:46:21 [PicGo INFO] Before upload 
2022-01-21 15:46:21 [PicGo INFO] Uploading... Current uploader is [smms] 
2022-01-21 15:46:24 [PicGo SUCCESS] 
https://s2.loli.net/2022/01/21/UFTvaOVMtQKd6ie.jpg 
2022-01-21 15:47:42 [PicGo INFO] Before transform 
2022-01-21 15:47:42 [PicGo INFO] Transforming... Current transformer is [path] 
2022-01-21 15:47:42 [PicGo INFO] Before upload 
2022-01-21 15:47:42 [PicGo INFO] Uploading... Current uploader is [smms] 
2022-01-21 15:47:44 [PicGo SUCCESS] 
https://s2.loli.net/2022/01/21/wfHAL3zGUcYoEIy.jpg 
2022-01-21 16:32:07 [PicGo INFO] Before transform 
2022-01-21 16:32:07 [PicGo INFO] Transforming... Current transformer is [path] 
2022-01-21 16:32:07 [PicGo INFO] Before upload 
2022-01-21 16:32:07 [PicGo INFO] Uploading... Current uploader is [smms] 
2022-01-21 16:32:10 [PicGo SUCCESS] 
https://s2.loli.net/2022/01/21/A7rkahiRbIWCqfe.jpg 
2022-01-21 16:35:10 [PicGo INFO] Before transform 
2022-01-21 16:35:10 [PicGo INFO] Transforming... Current transformer is [path] 
2022-01-21 16:35:10 [PicGo INFO] Before upload 
2022-01-21 16:35:10 [PicGo INFO] Uploading... Current uploader is [smms] 
2022-01-21 16:35:13 [PicGo SUCCESS] 
https://s2.loli.net/2022/01/21/KYGnhLm9eikcX27.jpg 
2022-01-21 18:42:09 [PicGo INFO] Before transform 
2022-01-21 18:42:09 [PicGo INFO] Transforming... Current transformer is [path] 
2022-01-21 18:42:09 [PicGo INFO] Before upload 
2022-01-21 18:42:09 [PicGo INFO] Uploading... Current uploader is [smms] 
2022-01-21 18:42:12 [PicGo SUCCESS] 
https://s2.loli.net/2022/01/21/ub3lMoTt4Ea2xpc.jpg 
